[2017-06-20 06:07:09] local.ERROR: exception 'InvalidArgumentException' with message 'View [widgets.charts.clinechart] not found.' in /opt/lampp/htdocs/laravel/vendor/compiled.php:12898
Stack trace:
#0 /opt/lampp/htdocs/laravel/vendor/compiled.php(12871): Illuminate\View\FileViewFinder->findInPaths('widgets.charts....', Array)
#1 /opt/lampp/htdocs/laravel/vendor/compiled.php(12996): Illuminate\View\FileViewFinder->find('widgets.charts....')
#2 /opt/lampp/htdocs/laravel/storage/framework/views/ca21121a77c868b0a656f02ec4d79082(220): Illuminate\View\Factory->make('widgets.charts....', Array)
#3 /opt/lampp/htdocs/laravel/vendor/compiled.php(13650): include('/opt/lampp/htdo...')
#4 /opt/lampp/htdocs/laravel/vendor/compiled.php(13683): Illuminate\View\Engines\PhpEngine->evaluatePath('/opt/lampp/htdo...', Array)
#5 /opt/lampp/htdocs/laravel/vendor/compiled.php(13523): Illuminate\View\Engines\CompilerEngine->get('/opt/lampp/htdo...', Array)
#6 /opt/lampp/htdocs/laravel/vendor/compiled.php(13510): Illuminate\View\View->getContents()
#7 /opt/lampp/htdocs/laravel/vendor/compiled.php(13501): Illuminate\View\View->renderContents()
#8 /opt/lampp/htdocs/laravel/vendor/compiled.php(14597): Illuminate\View\View->render()
#9 /opt/lampp/htdocs/laravel/vendor/compiled.php(14126): Illuminate\Http\Response->setContent(Object(Illuminate\View\View))
#10 /opt/lampp/htdocs/laravel/vendor/compiled.php(7154): Symfony\Component\HttpFoundation\Response->__construct(Object(Illuminate\View\View))
#11 /opt/lampp/htdocs/laravel/vendor/compiled.php(6954): Illuminate\Routing\Router->prepareResponse(Object(Illuminate\Http\Request), Object(Illuminate\View\View))
#12 [internal function]: Illuminate\Routing\Router->Illuminate\Routing\{closure}(Object(Illuminate\Http\Request))
#13 /opt/lampp/htdocs/laravel/vendor/compiled.php(8952): call_user_func(Object(Closure), Object(Illuminate\Http\Request))
#14 [internal function]: Illuminate\Pipeline\Pipeline->Illuminate\Pipeline\{closure}(Object(Illuminate\Http\Request))
#15 /opt/lampp/htdocs/laravel/vendor/compiled.php(8935): call_user_func(Object(Closure), Object(Illuminate\Http\Request))
#16 /opt/lampp/htdocs/laravel/vendor/compiled.php(6955): Illuminate\Pipeline\Pipeline->then(Object(Closure))
#17 /opt/lampp/htdocs/laravel/vendor/compiled.php(6944): Illuminate\Routing\Router->runRouteWithinStack(Object(Illuminate\Routing\Route), Object(Illuminate\Http\Request))
#18 /opt/lampp/htdocs/laravel/vendor/compiled.php(6929): Illuminate\Routing\Router->dispatchToRoute(Object(Illuminate\Http\Request))
#19 /opt/lampp/htdocs/laravel/vendor/compiled.php(1935): Illuminate\Routing\Router->dispatch(Object(Illuminate\Http\Request))
#20 [internal function]: Illuminate\Foundation\Http\Kernel->Illuminate\Foundation\Http\{closure}(Object(Illuminate\Http\Request))
#21 /opt/lampp/htdocs/laravel/vendor/compiled.php(8952): call_user_func(Object(Closure), Object(Illuminate\Http\Request))
#22 /opt/lampp/htdocs/laravel/vendor/compiled.php(2438): Illuminate\Pipeline\Pipeline->Illuminate\Pipeline\{closure}(Object(Illuminate\Http\Request))
#23 /opt/lampp/htdocs/laravel/app/Http/Middleware/VerifyCsrfToken.php(17): Illuminate\Foundation\Http\Middleware\VerifyCsrfToken->handle(Object(Illuminate\Http\Request), Object(Closure))
#24 /opt/lampp/htdocs/laravel/vendor/compiled.php(8944): App\Http\Middleware\VerifyCsrfToken->handle(Object(Illuminate\Http\Request), Object(Closure))
#25 /opt/lampp/htdocs/laravel/vendor/compiled.php(12083): Illuminate\Pipeline\Pipeline->Illuminate\Pipeline\{closure}(Object(Illuminate\Http\Request))
#26 /opt/lampp/htdocs/laravel/vendor/compiled.php(8944): Illuminate\View\Middleware\ShareErrorsFromSession->handle(Object(Illuminate\Http\Request), Object(Closure))
#27 /opt/lampp/htdocs/laravel/vendor/compiled.php(10785): Illuminate\Pipeline\Pipeline->Illuminate\Pipeline\{closure}(Object(Illuminate\Http\Request))
#28 /opt/lampp/htdocs/laravel/vendor/compiled.php(8944): Illuminate\Session\Middleware\StartSession->handle(Object(Illuminate\Http\Request), Object(Closure))
#29 /opt/lampp/htdocs/laravel/vendor/compiled.php(11789): Illuminate\Pipeline\Pipeline->Illuminate\Pipeline\{closure}(Object(Illuminate\Http\Request))
#30 /opt/lampp/htdocs/laravel/vendor/compiled.php(8944): Illuminate\Cookie\Middleware\AddQueuedCookiesToResponse->handle(Object(Illuminate\Http\Request), Object(Closure))
#31 /opt/lampp/htdocs/laravel/vendor/compiled.php(11738): Illuminate\Pipeline\Pipeline->Illuminate\Pipeline\{closure}(Object(Illuminate\Http\Request))
#32 /opt/lampp/htdocs/laravel/vendor/compiled.php(8944): Illuminate\Cookie\Middleware\EncryptCookies->handle(Object(Illuminate\Http\Request), Object(Closure))
#33 /opt/lampp/htdocs/laravel/vendor/compiled.php(2478): Illuminate\Pipeline\Pipeline->Illuminate\Pipeline\{closure}(Object(Illuminate\Http\Request))
#34 /opt/lampp/htdocs/laravel/vendor/compiled.php(8944): Illuminate\Foundation\Http\Middleware\CheckForMaintenanceMode->handle(Object(Illuminate\Http\Request), Object(Closure))
#35 [internal function]: Illuminate\Pipeline\Pipeline->Illuminate\Pipeline\{closure}(Object(Illuminate\Http\Request))
#36 /opt/lampp/htdocs/laravel/vendor/compiled.php(8935): call_user_func(Object(Closure), Object(Illuminate\Http\Request))
#37 /opt/lampp/htdocs/laravel/vendor/compiled.php(1891): Illuminate\Pipeline\Pipeline->then(Object(Closure))
#38 /opt/lampp/htdocs/laravel/vendor/compiled.php(1880): Illuminate\Foundation\Http\Kernel->sendRequestThroughRouter(Object(Illuminate\Http\Request))
#39 /opt/lampp/htdocs/laravel/public/index.php(53): Illuminate\Foundation\Http\Kernel->handle(Object(Illuminate\Http\Request))
#40 {main}

Next exception 'ErrorException' with message 'View [widgets.charts.clinechart] not found. (View: /opt/lampp/htdocs/laravel/resources/views/home.blade.php)' in /opt/lampp/htdocs/laravel/vendor/compiled.php:12898
Stack trace:
#0 /opt/lampp/htdocs/laravel/vendor/compiled.php(13652): Illuminate\View\Engines\CompilerEngine->handleViewException(Object(InvalidArgumentException), 1)
#1 /opt/lampp/htdocs/laravel/vendor/compiled.php(13683): Illuminate\View\Engines\PhpEngine->evaluatePath('/opt/lampp/htdo...', Array)
#2 /opt/lampp/htdocs/laravel/vendor/compiled.php(13523): Illuminate\View\Engines\CompilerEngine->get('/opt/lampp/htdo...', Array)
#3 /opt/lampp/htdocs/laravel/vendor/compiled.php(13510): Illuminate\View\View->getContents()
#4 /opt/lampp/htdocs/laravel/vendor/compiled.php(13501): Illuminate\View\View->renderContents()
#5 /opt/lampp/htdocs/laravel/vendor/compiled.php(14597): Illuminate\View\View->render()
#6 /opt/lampp/htdocs/laravel/vendor/compiled.php(14126): Illuminate\Http\Response->setContent(Object(Illuminate\View\View))
#7 /opt/lampp/htdocs/laravel/vendor/compiled.php(7154): Symfony\Component\HttpFoundation\Response->__construct(Object(Illuminate\View\View))
#8 /opt/lampp/htdocs/laravel/vendor/compiled.php(6954): Illuminate\Routing\Router->prepareResponse(Object(Illuminate\Http\Request), Object(Illuminate\View\View))
#9 [internal function]: Illuminate\Routing\Router->Illuminate\Routing\{closure}(Object(Illuminate\Http\Request))
#10 /opt/lampp/htdocs/laravel/vendor/compiled.php(8952): call_user_func(Object(Closure), Object(Illuminate\Http\Request))
#11 [internal function]: Illuminate\Pipeline\Pipeline->Illuminate\Pipeline\{closure}(Object(Illuminate\Http\Request))
#12 /opt/lampp/htdocs/laravel/vendor/compiled.php(8935): call_user_func(Object(Closure), Object(Illuminate\Http\Request))
#13 /opt/lampp/htdocs/laravel/vendor/compiled.php(6955): Illuminate\Pipeline\Pipeline->then(Object(Closure))
#14 /opt/lampp/htdocs/laravel/vendor/compiled.php(6944): Illuminate\Routing\Router->runRouteWithinStack(Object(Illuminate\Routing\Route), Object(Illuminate\Http\Request))
#15 /opt/lampp/htdocs/laravel/vendor/compiled.php(6929): Illuminate\Routing\Router->dispatchToRoute(Object(Illuminate\Http\Request))
#16 /opt/lampp/htdocs/laravel/vendor/compiled.php(1935): Illuminate\Routing\Router->dispatch(Object(Illuminate\Http\Request))
#17 [internal function]: Illuminate\Foundation\Http\Kernel->Illuminate\Foundation\Http\{closure}(Object(Illuminate\Http\Request))
#18 /opt/lampp/htdocs/laravel/vendor/compiled.php(8952): call_user_func(Object(Closure), Object(Illuminate\Http\Request))
#19 /opt/lampp/htdocs/laravel/vendor/compiled.php(2438): Illuminate\Pipeline\Pipeline->Illuminate\Pipeline\{closure}(Object(Illuminate\Http\Request))
#20 /opt/lampp/htdocs/laravel/app/Http/Middleware/VerifyCsrfToken.php(17): Illuminate\Foundation\Http\Middleware\VerifyCsrfToken->handle(Object(Illuminate\Http\Request), Object(Closure))
#21 /opt/lampp/htdocs/laravel/vendor/compiled.php(8944): App\Http\Middleware\VerifyCsrfToken->handle(Object(Illuminate\Http\Request), Object(Closure))
#22 /opt/lampp/htdocs/laravel/vendor/compiled.php(12083): Illuminate\Pipeline\Pipeline->Illuminate\Pipeline\{closure}(Object(Illuminate\Http\Request))
#23 /opt/lampp/htdocs/laravel/vendor/compiled.php(8944): Illuminate\View\Middleware\ShareErrorsFromSession->handle(Object(Illuminate\Http\Request), Object(Closure))
#24 /opt/lampp/htdocs/laravel/vendor/compiled.php(10785): Illuminate\Pipeline\Pipeline->Illuminate\Pipeline\{closure}(Object(Illuminate\Http\Request))
#25 /opt/lampp/htdocs/laravel/vendor/compiled.php(8944): Illuminate\Session\Middleware\StartSession->handle(Object(Illuminate\Http\Request), Object(Closure))
#26 /opt/lampp/htdocs/laravel/vendor/compiled.php(11789): Illuminate\Pipeline\Pipeline->Illuminate\Pipeline\{closure}(Object(Illuminate\Http\Request))
#27 /opt/lampp/htdocs/laravel/vendor/compiled.php(8944): Illuminate\Cookie\Middleware\AddQueuedCookiesToResponse->handle(Object(Illuminate\Http\Request), Object(Closure))
#28 /opt/lampp/htdocs/laravel/vendor/compiled.php(11738): Illuminate\Pipeline\Pipeline->Illuminate\Pipeline\{closure}(Object(Illuminate\Http\Request))
#29 /opt/lampp/htdocs/laravel/vendor/compiled.php(8944): Illuminate\Cookie\Middleware\EncryptCookies->handle(Object(Illuminate\Http\Request), Object(Closure))
#30 /opt/lampp/htdocs/laravel/vendor/compiled.php(2478): Illuminate\Pipeline\Pipeline->Illuminate\Pipeline\{closure}(Object(Illuminate\Http\Request))
#31 /opt/lampp/htdocs/laravel/vendor/compiled.php(8944): Illuminate\Foundation\Http\Middleware\CheckForMaintenanceMode->handle(Object(Illuminate\Http\Request), Object(Closure))
#32 [internal function]: Illuminate\Pipeline\Pipeline->Illuminate\Pipeline\{closure}(Object(Illuminate\Http\Request))
#33 /opt/lampp/htdocs/laravel/vendor/compiled.php(8935): call_user_func(Object(Closure), Object(Illuminate\Http\Request))
#34 /opt/lampp/htdocs/laravel/vendor/compiled.php(1891): Illuminate\Pipeline\Pipeline->then(Object(Closure))
#35 /opt/lampp/htdocs/laravel/vendor/compiled.php(1880): Illuminate\Foundation\Http\Kernel->sendRequestThroughRouter(Object(Illuminate\Http\Request))
#36 /opt/lampp/htdocs/laravel/public/index.php(53): Illuminate\Foundation\Http\Kernel->handle(Object(Illuminate\Http\Request))
#37 {main}  
[2017-06-20 06:08:01] local.ERROR: exception 'InvalidArgumentException' with message 'View [widgets.charts.clinechart] not found.' in /opt/lampp/htdocs/laravel/vendor/compiled.php:12898
Stack trace:
#0 /opt/lampp/htdocs/laravel/vendor/compiled.php(12871): Illuminate\View\FileViewFinder->findInPaths('widgets.charts....', Array)
#1 /opt/lampp/htdocs/laravel/vendor/compiled.php(12996): Illuminate\View\FileViewFinder->find('widgets.charts....')
#2 /opt/lampp/htdocs/laravel/storage/framework/views/ca21121a77c868b0a656f02ec4d79082(226): Illuminate\View\Factory->make('widgets.charts....', Array)
#3 /opt/lampp/htdocs/laravel/vendor/compiled.php(13650): include('/opt/lampp/htdo...')
#4 /opt/lampp/htdocs/laravel/vendor/compiled.php(13683): Illuminate\View\Engines\PhpEngine->evaluatePath('/opt/lampp/htdo...', Array)
#5 /opt/lampp/htdocs/laravel/vendor/compiled.php(13523): Illuminate\View\Engines\CompilerEngine->get('/opt/lampp/htdo...', Array)
#6 /opt/lampp/htdocs/laravel/vendor/compiled.php(13510): Illuminate\View\View->getContents()
#7 /opt/lampp/htdocs/laravel/vendor/compiled.php(13501): Illuminate\View\View->renderContents()
#8 /opt/lampp/htdocs/laravel/vendor/compiled.php(14597): Illuminate\View\View->render()
#9 /opt/lampp/htdocs/laravel/vendor/compiled.php(14126): Illuminate\Http\Response->setContent(Object(Illuminate\View\View))
#10 /opt/lampp/htdocs/laravel/vendor/compiled.php(7154): Symfony\Component\HttpFoundation\Response->__construct(Object(Illuminate\View\View))
#11 /opt/lampp/htdocs/laravel/vendor/compiled.php(6954): Illuminate\Routing\Router->prepareResponse(Object(Illuminate\Http\Request), Object(Illuminate\View\View))
#12 [internal function]: Illuminate\Routing\Router->Illuminate\Routing\{closure}(Object(Illuminate\Http\Request))
#13 /opt/lampp/htdocs/laravel/vendor/compiled.php(8952): call_user_func(Object(Closure), Object(Illuminate\Http\Request))
#14 [internal function]: Illuminate\Pipeline\Pipeline->Illuminate\Pipeline\{closure}(Object(Illuminate\Http\Request))
#15 /opt/lampp/htdocs/laravel/vendor/compiled.php(8935): call_user_func(Object(Closure), Object(Illuminate\Http\Request))
#16 /opt/lampp/htdocs/laravel/vendor/compiled.php(6955): Illuminate\Pipeline\Pipeline->then(Object(Closure))
#17 /opt/lampp/htdocs/laravel/vendor/compiled.php(6944): Illuminate\Routing\Router->runRouteWithinStack(Object(Illuminate\Routing\Route), Object(Illuminate\Http\Request))
#18 /opt/lampp/htdocs/laravel/vendor/compiled.php(6929): Illuminate\Routing\Router->dispatchToRoute(Object(Illuminate\Http\Request))
#19 /opt/lampp/htdocs/laravel/vendor/compiled.php(1935): Illuminate\Routing\Router->dispatch(Object(Illuminate\Http\Request))
#20 [internal function]: Illuminate\Foundation\Http\Kernel->Illuminate\Foundation\Http\{closure}(Object(Illuminate\Http\Request))
#21 /opt/lampp/htdocs/laravel/vendor/compiled.php(8952): call_user_func(Object(Closure), Object(Illuminate\Http\Request))
#22 /opt/lampp/htdocs/laravel/vendor/compiled.php(2438): Illuminate\Pipeline\Pipeline->Illuminate\Pipeline\{closure}(Object(Illuminate\Http\Request))
#23 /opt/lampp/htdocs/laravel/app/Http/Middleware/VerifyCsrfToken.php(17): Illuminate\Foundation\Http\Middleware\VerifyCsrfToken->handle(Object(Illuminate\Http\Request), Object(Closure))
#24 /opt/lampp/htdocs/laravel/vendor/compiled.php(8944): App\Http\Middleware\VerifyCsrfToken->handle(Object(Illuminate\Http\Request), Object(Closure))
#25 /opt/lampp/htdocs/laravel/vendor/compiled.php(12083): Illuminate\Pipeline\Pipeline->Illuminate\Pipeline\{closure}(Object(Illuminate\Http\Request))
#26 /opt/lampp/htdocs/laravel/vendor/compiled.php(8944): Illuminate\View\Middleware\ShareErrorsFromSession->handle(Object(Illuminate\Http\Request), Object(Closure))
#27 /opt/lampp/htdocs/laravel/vendor/compiled.php(10785): Illuminate\Pipeline\Pipeline->Illuminate\Pipeline\{closure}(Object(Illuminate\Http\Request))
#28 /opt/lampp/htdocs/laravel/vendor/compiled.php(8944): Illuminate\Session\Middleware\StartSession->handle(Object(Illuminate\Http\Request), Object(Closure))
#29 /opt/lampp/htdocs/laravel/vendor/compiled.php(11789): Illuminate\Pipeline\Pipeline->Illuminate\Pipeline\{closure}(Object(Illuminate\Http\Request))
#30 /opt/lampp/htdocs/laravel/vendor/compiled.php(8944): Illuminate\Cookie\Middleware\AddQueuedCookiesToResponse->handle(Object(Illuminate\Http\Request), Object(Closure))
#31 /opt/lampp/htdocs/laravel/vendor/compiled.php(11738): Illuminate\Pipeline\Pipeline->Illuminate\Pipeline\{closure}(Object(Illuminate\Http\Request))
#32 /opt/lampp/htdocs/laravel/vendor/compiled.php(8944): Illuminate\Cookie\Middleware\EncryptCookies->handle(Object(Illuminate\Http\Request), Object(Closure))
#33 /opt/lampp/htdocs/laravel/vendor/compiled.php(2478): Illuminate\Pipeline\Pipeline->Illuminate\Pipeline\{closure}(Object(Illuminate\Http\Request))
#34 /opt/lampp/htdocs/laravel/vendor/compiled.php(8944): Illuminate\Foundation\Http\Middleware\CheckForMaintenanceMode->handle(Object(Illuminate\Http\Request), Object(Closure))
#35 [internal function]: Illuminate\Pipeline\Pipeline->Illuminate\Pipeline\{closure}(Object(Illuminate\Http\Request))
#36 /opt/lampp/htdocs/laravel/vendor/compiled.php(8935): call_user_func(Object(Closure), Object(Illuminate\Http\Request))
#37 /opt/lampp/htdocs/laravel/vendor/compiled.php(1891): Illuminate\Pipeline\Pipeline->then(Object(Closure))
#38 /opt/lampp/htdocs/laravel/vendor/compiled.php(1880): Illuminate\Foundation\Http\Kernel->sendRequestThroughRouter(Object(Illuminate\Http\Request))
#39 /opt/lampp/htdocs/laravel/public/index.php(53): Illuminate\Foundation\Http\Kernel->handle(Object(Illuminate\Http\Request))
#40 {main}

Next exception 'ErrorException' with message 'View [widgets.charts.clinechart] not found. (View: /opt/lampp/htdocs/laravel/resources/views/home.blade.php)' in /opt/lampp/htdocs/laravel/vendor/compiled.php:12898
Stack trace:
#0 /opt/lampp/htdocs/laravel/vendor/compiled.php(13652): Illuminate\View\Engines\CompilerEngine->handleViewException(Object(InvalidArgumentException), 1)
#1 /opt/lampp/htdocs/laravel/vendor/compiled.php(13683): Illuminate\View\Engines\PhpEngine->evaluatePath('/opt/lampp/htdo...', Array)
#2 /opt/lampp/htdocs/laravel/vendor/compiled.php(13523): Illuminate\View\Engines\CompilerEngine->get('/opt/lampp/htdo...', Array)
#3 /opt/lampp/htdocs/laravel/vendor/compiled.php(13510): Illuminate\View\View->getContents()
#4 /opt/lampp/htdocs/laravel/vendor/compiled.php(13501): Illuminate\View\View->renderContents()
#5 /opt/lampp/htdocs/laravel/vendor/compiled.php(14597): Illuminate\View\View->render()
#6 /opt/lampp/htdocs/laravel/vendor/compiled.php(14126): Illuminate\Http\Response->setContent(Object(Illuminate\View\View))
#7 /opt/lampp/htdocs/laravel/vendor/compiled.php(7154): Symfony\Component\HttpFoundation\Response->__construct(Object(Illuminate\View\View))
#8 /opt/lampp/htdocs/laravel/vendor/compiled.php(6954): Illuminate\Routing\Router->prepareResponse(Object(Illuminate\Http\Request), Object(Illuminate\View\View))
#9 [internal function]: Illuminate\Routing\Router->Illuminate\Routing\{closure}(Object(Illuminate\Http\Request))
#10 /opt/lampp/htdocs/laravel/vendor/compiled.php(8952): call_user_func(Object(Closure), Object(Illuminate\Http\Request))
#11 [internal function]: Illuminate\Pipeline\Pipeline->Illuminate\Pipeline\{closure}(Object(Illuminate\Http\Request))
#12 /opt/lampp/htdocs/laravel/vendor/compiled.php(8935): call_user_func(Object(Closure), Object(Illuminate\Http\Request))
#13 /opt/lampp/htdocs/laravel/vendor/compiled.php(6955): Illuminate\Pipeline\Pipeline->then(Object(Closure))
#14 /opt/lampp/htdocs/laravel/vendor/compiled.php(6944): Illuminate\Routing\Router->runRouteWithinStack(Object(Illuminate\Routing\Route), Object(Illuminate\Http\Request))
#15 /opt/lampp/htdocs/laravel/vendor/compiled.php(6929): Illuminate\Routing\Router->dispatchToRoute(Object(Illuminate\Http\Request))
#16 /opt/lampp/htdocs/laravel/vendor/compiled.php(1935): Illuminate\Routing\Router->dispatch(Object(Illuminate\Http\Request))
#17 [internal function]: Illuminate\Foundation\Http\Kernel->Illuminate\Foundation\Http\{closure}(Object(Illuminate\Http\Request))
#18 /opt/lampp/htdocs/laravel/vendor/compiled.php(8952): call_user_func(Object(Closure), Object(Illuminate\Http\Request))
#19 /opt/lampp/htdocs/laravel/vendor/compiled.php(2438): Illuminate\Pipeline\Pipeline->Illuminate\Pipeline\{closure}(Object(Illuminate\Http\Request))
#20 /opt/lampp/htdocs/laravel/app/Http/Middleware/VerifyCsrfToken.php(17): Illuminate\Foundation\Http\Middleware\VerifyCsrfToken->handle(Object(Illuminate\Http\Request), Object(Closure))
#21 /opt/lampp/htdocs/laravel/vendor/compiled.php(8944): App\Http\Middleware\VerifyCsrfToken->handle(Object(Illuminate\Http\Request), Object(Closure))
#22 /opt/lampp/htdocs/laravel/vendor/compiled.php(12083): Illuminate\Pipeline\Pipeline->Illuminate\Pipeline\{closure}(Object(Illuminate\Http\Request))
#23 /opt/lampp/htdocs/laravel/vendor/compiled.php(8944): Illuminate\View\Middleware\ShareErrorsFromSession->handle(Object(Illuminate\Http\Request), Object(Closure))
#24 /opt/lampp/htdocs/laravel/vendor/compiled.php(10785): Illuminate\Pipeline\Pipeline->Illuminate\Pipeline\{closure}(Object(Illuminate\Http\Request))
#25 /opt/lampp/htdocs/laravel/vendor/compiled.php(8944): Illuminate\Session\Middleware\StartSession->handle(Object(Illuminate\Http\Request), Object(Closure))
#26 /opt/lampp/htdocs/laravel/vendor/compiled.php(11789): Illuminate\Pipeline\Pipeline->Illuminate\Pipeline\{closure}(Object(Illuminate\Http\Request))
#27 /opt/lampp/htdocs/laravel/vendor/compiled.php(8944): Illuminate\Cookie\Middleware\AddQueuedCookiesToResponse->handle(Object(Illuminate\Http\Request), Object(Closure))
#28 /opt/lampp/htdocs/laravel/vendor/compiled.php(11738): Illuminate\Pipeline\Pipeline->Illuminate\Pipeline\{closure}(Object(Illuminate\Http\Request))
#29 /opt/lampp/htdocs/laravel/vendor/compiled.php(8944): Illuminate\Cookie\Middleware\EncryptCookies->handle(Object(Illuminate\Http\Request), Object(Closure))
#30 /opt/lampp/htdocs/laravel/vendor/compiled.php(2478): Illuminate\Pipeline\Pipeline->Illuminate\Pipeline\{closure}(Object(Illuminate\Http\Request))
#31 /opt/lampp/htdocs/laravel/vendor/compiled.php(8944): Illuminate\Foundation\Http\Middleware\CheckForMaintenanceMode->handle(Object(Illuminate\Http\Request), Object(Closure))
#32 [internal function]: Illuminate\Pipeline\Pipeline->Illuminate\Pipeline\{closure}(Object(Illuminate\Http\Request))
#33 /opt/lampp/htdocs/laravel/vendor/compiled.php(8935): call_user_func(Object(Closure), Object(Illuminate\Http\Request))
#34 /opt/lampp/htdocs/laravel/vendor/compiled.php(1891): Illuminate\Pipeline\Pipeline->then(Object(Closure))
#35 /opt/lampp/htdocs/laravel/vendor/compiled.php(1880): Illuminate\Foundation\Http\Kernel->sendRequestThroughRouter(Object(Illuminate\Http\Request))
#36 /opt/lampp/htdocs/laravel/public/index.php(53): Illuminate\Foundation\Http\Kernel->handle(Object(Illuminate\Http\Request))
#37 {main}  
[2017-06-20 07:19:25] local.ERROR: exception 'InvalidArgumentException' with message 'View [widgets.charts.clinechart] not found.' in /opt/lampp/htdocs/laravel/vendor/compiled.php:12898
Stack trace:
#0 /opt/lampp/htdocs/laravel/vendor/compiled.php(12871): Illuminate\View\FileViewFinder->findInPaths('widgets.charts....', Array)
#1 /opt/lampp/htdocs/laravel/vendor/compiled.php(12996): Illuminate\View\FileViewFinder->find('widgets.charts....')
#2 /opt/lampp/htdocs/laravel/storage/framework/views/ca21121a77c868b0a656f02ec4d79082(220): Illuminate\View\Factory->make('widgets.charts....', Array)
#3 /opt/lampp/htdocs/laravel/vendor/compiled.php(13650): include('/opt/lampp/htdo...')
#4 /opt/lampp/htdocs/laravel/vendor/compiled.php(13683): Illuminate\View\Engines\PhpEngine->evaluatePath('/opt/lampp/htdo...', Array)
#5 /opt/lampp/htdocs/laravel/vendor/compiled.php(13523): Illuminate\View\Engines\CompilerEngine->get('/opt/lampp/htdo...', Array)
#6 /opt/lampp/htdocs/laravel/vendor/compiled.php(13510): Illuminate\View\View->getContents()
#7 /opt/lampp/htdocs/laravel/vendor/compiled.php(13501): Illuminate\View\View->renderContents()
#8 /opt/lampp/htdocs/laravel/vendor/compiled.php(14597): Illuminate\View\View->render()
#9 /opt/lampp/htdocs/laravel/vendor/compiled.php(14126): Illuminate\Http\Response->setContent(Object(Illuminate\View\View))
#10 /opt/lampp/htdocs/laravel/vendor/compiled.php(7154): Symfony\Component\HttpFoundation\Response->__construct(Object(Illuminate\View\View))
#11 /opt/lampp/htdocs/laravel/vendor/compiled.php(6954): Illuminate\Routing\Router->prepareResponse(Object(Illuminate\Http\Request), Object(Illuminate\View\View))
#12 [internal function]: Illuminate\Routing\Router->Illuminate\Routing\{closure}(Object(Illuminate\Http\Request))
#13 /opt/lampp/htdocs/laravel/vendor/compiled.php(8952): call_user_func(Object(Closure), Object(Illuminate\Http\Request))
#14 [internal function]: Illuminate\Pipeline\Pipeline->Illuminate\Pipeline\{closure}(Object(Illuminate\Http\Request))
#15 /opt/lampp/htdocs/laravel/vendor/compiled.php(8935): call_user_func(Object(Closure), Object(Illuminate\Http\Request))
#16 /opt/lampp/htdocs/laravel/vendor/compiled.php(6955): Illuminate\Pipeline\Pipeline->then(Object(Closure))
#17 /opt/lampp/htdocs/laravel/vendor/compiled.php(6944): Illuminate\Routing\Router->runRouteWithinStack(Object(Illuminate\Routing\Route), Object(Illuminate\Http\Request))
#18 /opt/lampp/htdocs/laravel/vendor/compiled.php(6929): Illuminate\Routing\Router->dispatchToRoute(Object(Illuminate\Http\Request))
#19 /opt/lampp/htdocs/laravel/vendor/compiled.php(1935): Illuminate\Routing\Router->dispatch(Object(Illuminate\Http\Request))
#20 [internal function]: Illuminate\Foundation\Http\Kernel->Illuminate\Foundation\Http\{closure}(Object(Illuminate\Http\Request))
#21 /opt/lampp/htdocs/laravel/vendor/compiled.php(8952): call_user_func(Object(Closure), Object(Illuminate\Http\Request))
#22 /opt/lampp/htdocs/laravel/vendor/compiled.php(2438): Illuminate\Pipeline\Pipeline->Illuminate\Pipeline\{closure}(Object(Illuminate\Http\Request))
#23 /opt/lampp/htdocs/laravel/app/Http/Middleware/VerifyCsrfToken.php(17): Illuminate\Foundation\Http\Middleware\VerifyCsrfToken->handle(Object(Illuminate\Http\Request), Object(Closure))
#24 /opt/lampp/htdocs/laravel/vendor/compiled.php(8944): App\Http\Middleware\VerifyCsrfToken->handle(Object(Illuminate\Http\Request), Object(Closure))
#25 /opt/lampp/htdocs/laravel/vendor/compiled.php(12083): Illuminate\Pipeline\Pipeline->Illuminate\Pipeline\{closure}(Object(Illuminate\Http\Request))
#26 /opt/lampp/htdocs/laravel/vendor/compiled.php(8944): Illuminate\View\Middleware\ShareErrorsFromSession->handle(Object(Illuminate\Http\Request), Object(Closure))
#27 /opt/lampp/htdocs/laravel/vendor/compiled.php(10785): Illuminate\Pipeline\Pipeline->Illuminate\Pipeline\{closure}(Object(Illuminate\Http\Request))
#28 /opt/lampp/htdocs/laravel/vendor/compiled.php(8944): Illuminate\Session\Middleware\StartSession->handle(Object(Illuminate\Http\Request), Object(Closure))
#29 /opt/lampp/htdocs/laravel/vendor/compiled.php(11789): Illuminate\Pipeline\Pipeline->Illuminate\Pipeline\{closure}(Object(Illuminate\Http\Request))
#30 /opt/lampp/htdocs/laravel/vendor/compiled.php(8944): Illuminate\Cookie\Middleware\AddQueuedCookiesToResponse->handle(Object(Illuminate\Http\Request), Object(Closure))
#31 /opt/lampp/htdocs/laravel/vendor/compiled.php(11738): Illuminate\Pipeline\Pipeline->Illuminate\Pipeline\{closure}(Object(Illuminate\Http\Request))
#32 /opt/lampp/htdocs/laravel/vendor/compiled.php(8944): Illuminate\Cookie\Middleware\EncryptCookies->handle(Object(Illuminate\Http\Request), Object(Closure))
#33 /opt/lampp/htdocs/laravel/vendor/compiled.php(2478): Illuminate\Pipeline\Pipeline->Illuminate\Pipeline\{closure}(Object(Illuminate\Http\Request))
#34 /opt/lampp/htdocs/laravel/vendor/compiled.php(8944): Illuminate\Foundation\Http\Middleware\CheckForMaintenanceMode->handle(Object(Illuminate\Http\Request), Object(Closure))
#35 [internal function]: Illuminate\Pipeline\Pipeline->Illuminate\Pipeline\{closure}(Object(Illuminate\Http\Request))
#36 /opt/lampp/htdocs/laravel/vendor/compiled.php(8935): call_user_func(Object(Closure), Object(Illuminate\Http\Request))
#37 /opt/lampp/htdocs/laravel/vendor/compiled.php(1891): Illuminate\Pipeline\Pipeline->then(Object(Closure))
#38 /opt/lampp/htdocs/laravel/vendor/compiled.php(1880): Illuminate\Foundation\Http\Kernel->sendRequestThroughRouter(Object(Illuminate\Http\Request))
#39 /opt/lampp/htdocs/laravel/public/index.php(53): Illuminate\Foundation\Http\Kernel->handle(Object(Illuminate\Http\Request))
#40 {main}

Next exception 'ErrorException' with message 'View [widgets.charts.clinechart] not found. (View: /opt/lampp/htdocs/laravel/resources/views/home.blade.php)' in /opt/lampp/htdocs/laravel/vendor/compiled.php:12898
Stack trace:
#0 /opt/lampp/htdocs/laravel/vendor/compiled.php(13652): Illuminate\View\Engines\CompilerEngine->handleViewException(Object(InvalidArgumentException), 1)
#1 /opt/lampp/htdocs/laravel/vendor/compiled.php(13683): Illuminate\View\Engines\PhpEngine->evaluatePath('/opt/lampp/htdo...', Array)
#2 /opt/lampp/htdocs/laravel/vendor/compiled.php(13523): Illuminate\View\Engines\CompilerEngine->get('/opt/lampp/htdo...', Array)
#3 /opt/lampp/htdocs/laravel/vendor/compiled.php(13510): Illuminate\View\View->getContents()
#4 /opt/lampp/htdocs/laravel/vendor/compiled.php(13501): Illuminate\View\View->renderContents()
#5 /opt/lampp/htdocs/laravel/vendor/compiled.php(14597): Illuminate\View\View->render()
#6 /opt/lampp/htdocs/laravel/vendor/compiled.php(14126): Illuminate\Http\Response->setContent(Object(Illuminate\View\View))
#7 /opt/lampp/htdocs/laravel/vendor/compiled.php(7154): Symfony\Component\HttpFoundation\Response->__construct(Object(Illuminate\View\View))
#8 /opt/lampp/htdocs/laravel/vendor/compiled.php(6954): Illuminate\Routing\Router->prepareResponse(Object(Illuminate\Http\Request), Object(Illuminate\View\View))
#9 [internal function]: Illuminate\Routing\Router->Illuminate\Routing\{closure}(Object(Illuminate\Http\Request))
#10 /opt/lampp/htdocs/laravel/vendor/compiled.php(8952): call_user_func(Object(Closure), Object(Illuminate\Http\Request))
#11 [internal function]: Illuminate\Pipeline\Pipeline->Illuminate\Pipeline\{closure}(Object(Illuminate\Http\Request))
#12 /opt/lampp/htdocs/laravel/vendor/compiled.php(8935): call_user_func(Object(Closure), Object(Illuminate\Http\Request))
#13 /opt/lampp/htdocs/laravel/vendor/compiled.php(6955): Illuminate\Pipeline\Pipeline->then(Object(Closure))
#14 /opt/lampp/htdocs/laravel/vendor/compiled.php(6944): Illuminate\Routing\Router->runRouteWithinStack(Object(Illuminate\Routing\Route), Object(Illuminate\Http\Request))
#15 /opt/lampp/htdocs/laravel/vendor/compiled.php(6929): Illuminate\Routing\Router->dispatchToRoute(Object(Illuminate\Http\Request))
#16 /opt/lampp/htdocs/laravel/vendor/compiled.php(1935): Illuminate\Routing\Router->dispatch(Object(Illuminate\Http\Request))
#17 [internal function]: Illuminate\Foundation\Http\Kernel->Illuminate\Foundation\Http\{closure}(Object(Illuminate\Http\Request))
#18 /opt/lampp/htdocs/laravel/vendor/compiled.php(8952): call_user_func(Object(Closure), Object(Illuminate\Http\Request))
#19 /opt/lampp/htdocs/laravel/vendor/compiled.php(2438): Illuminate\Pipeline\Pipeline->Illuminate\Pipeline\{closure}(Object(Illuminate\Http\Request))
#20 /opt/lampp/htdocs/laravel/app/Http/Middleware/VerifyCsrfToken.php(17): Illuminate\Foundation\Http\Middleware\VerifyCsrfToken->handle(Object(Illuminate\Http\Request), Object(Closure))
#21 /opt/lampp/htdocs/laravel/vendor/compiled.php(8944): App\Http\Middleware\VerifyCsrfToken->handle(Object(Illuminate\Http\Request), Object(Closure))
#22 /opt/lampp/htdocs/laravel/vendor/compiled.php(12083): Illuminate\Pipeline\Pipeline->Illuminate\Pipeline\{closure}(Object(Illuminate\Http\Request))
#23 /opt/lampp/htdocs/laravel/vendor/compiled.php(8944): Illuminate\View\Middleware\ShareErrorsFromSession->handle(Object(Illuminate\Http\Request), Object(Closure))
#24 /opt/lampp/htdocs/laravel/vendor/compiled.php(10785): Illuminate\Pipeline\Pipeline->Illuminate\Pipeline\{closure}(Object(Illuminate\Http\Request))
#25 /opt/lampp/htdocs/laravel/vendor/compiled.php(8944): Illuminate\Session\Middleware\StartSession->handle(Object(Illuminate\Http\Request), Object(Closure))
#26 /opt/lampp/htdocs/laravel/vendor/compiled.php(11789): Illuminate\Pipeline\Pipeline->Illuminate\Pipeline\{closure}(Object(Illuminate\Http\Request))
#27 /opt/lampp/htdocs/laravel/vendor/compiled.php(8944): Illuminate\Cookie\Middleware\AddQueuedCookiesToResponse->handle(Object(Illuminate\Http\Request), Object(Closure))
#28 /opt/lampp/htdocs/laravel/vendor/compiled.php(11738): Illuminate\Pipeline\Pipeline->Illuminate\Pipeline\{closure}(Object(Illuminate\Http\Request))
#29 /opt/lampp/htdocs/laravel/vendor/compiled.php(8944): Illuminate\Cookie\Middleware\EncryptCookies->handle(Object(Illuminate\Http\Request), Object(Closure))
#30 /opt/lampp/htdocs/laravel/vendor/compiled.php(2478): Illuminate\Pipeline\Pipeline->Illuminate\Pipeline\{closure}(Object(Illuminate\Http\Request))
#31 /opt/lampp/htdocs/laravel/vendor/compiled.php(8944): Illuminate\Foundation\Http\Middleware\CheckForMaintenanceMode->handle(Object(Illuminate\Http\Request), Object(Closure))
#32 [internal function]: Illuminate\Pipeline\Pipeline->Illuminate\Pipeline\{closure}(Object(Illuminate\Http\Request))
#33 /opt/lampp/htdocs/laravel/vendor/compiled.php(8935): call_user_func(Object(Closure), Object(Illuminate\Http\Request))
#34 /opt/lampp/htdocs/laravel/vendor/compiled.php(1891): Illuminate\Pipeline\Pipeline->then(Object(Closure))
#35 /opt/lampp/htdocs/laravel/vendor/compiled.php(1880): Illuminate\Foundation\Http\Kernel->sendRequestThroughRouter(Object(Illuminate\Http\Request))
#36 /opt/lampp/htdocs/laravel/public/index.php(53): Illuminate\Foundation\Http\Kernel->handle(Object(Illuminate\Http\Request))
#37 {main}  
[2017-06-20 07:21:37] local.ERROR: exception 'InvalidArgumentException' with message 'View [widgets.charts.clinechart] not found.' in /opt/lampp/htdocs/laravel/vendor/compiled.php:12898
Stack trace:
#0 /opt/lampp/htdocs/laravel/vendor/compiled.php(12871): Illuminate\View\FileViewFinder->findInPaths('widgets.charts....', Array)
#1 /opt/lampp/htdocs/laravel/vendor/compiled.php(12996): Illuminate\View\FileViewFinder->find('widgets.charts....')
#2 /opt/lampp/htdocs/laravel/storage/framework/views/ca21121a77c868b0a656f02ec4d79082(220): Illuminate\View\Factory->make('widgets.charts....', Array)
#3 /opt/lampp/htdocs/laravel/vendor/compiled.php(13650): include('/opt/lampp/htdo...')
#4 /opt/lampp/htdocs/laravel/vendor/compiled.php(13683): Illuminate\View\Engines\PhpEngine->evaluatePath('/opt/lampp/htdo...', Array)
#5 /opt/lampp/htdocs/laravel/vendor/compiled.php(13523): Illuminate\View\Engines\CompilerEngine->get('/opt/lampp/htdo...', Array)
#6 /opt/lampp/htdocs/laravel/vendor/compiled.php(13510): Illuminate\View\View->getContents()
#7 /opt/lampp/htdocs/laravel/vendor/compiled.php(13501): Illuminate\View\View->renderContents()
#8 /opt/lampp/htdocs/laravel/vendor/compiled.php(14597): Illuminate\View\View->render()
#9 /opt/lampp/htdocs/laravel/vendor/compiled.php(14126): Illuminate\Http\Response->setContent(Object(Illuminate\View\View))
#10 /opt/lampp/htdocs/laravel/vendor/compiled.php(7154): Symfony\Component\HttpFoundation\Response->__construct(Object(Illuminate\View\View))
#11 /opt/lampp/htdocs/laravel/vendor/compiled.php(6954): Illuminate\Routing\Router->prepareResponse(Object(Illuminate\Http\Request), Object(Illuminate\View\View))
#12 [internal function]: Illuminate\Routing\Router->Illuminate\Routing\{closure}(Object(Illuminate\Http\Request))
#13 /opt/lampp/htdocs/laravel/vendor/compiled.php(8952): call_user_func(Object(Closure), Object(Illuminate\Http\Request))
#14 [internal function]: Illuminate\Pipeline\Pipeline->Illuminate\Pipeline\{closure}(Object(Illuminate\Http\Request))
#15 /opt/lampp/htdocs/laravel/vendor/compiled.php(8935): call_user_func(Object(Closure), Object(Illuminate\Http\Request))
#16 /opt/lampp/htdocs/laravel/vendor/compiled.php(6955): Illuminate\Pipeline\Pipeline->then(Object(Closure))
#17 /opt/lampp/htdocs/laravel/vendor/compiled.php(6944): Illuminate\Routing\Router->runRouteWithinStack(Object(Illuminate\Routing\Route), Object(Illuminate\Http\Request))
#18 /opt/lampp/htdocs/laravel/vendor/compiled.php(6929): Illuminate\Routing\Router->dispatchToRoute(Object(Illuminate\Http\Request))
#19 /opt/lampp/htdocs/laravel/vendor/compiled.php(1935): Illuminate\Routing\Router->dispatch(Object(Illuminate\Http\Request))
#20 [internal function]: Illuminate\Foundation\Http\Kernel->Illuminate\Foundation\Http\{closure}(Object(Illuminate\Http\Request))
#21 /opt/lampp/htdocs/laravel/vendor/compiled.php(8952): call_user_func(Object(Closure), Object(Illuminate\Http\Request))
#22 /opt/lampp/htdocs/laravel/vendor/compiled.php(2438): Illuminate\Pipeline\Pipeline->Illuminate\Pipeline\{closure}(Object(Illuminate\Http\Request))
#23 /opt/lampp/htdocs/laravel/app/Http/Middleware/VerifyCsrfToken.php(17): Illuminate\Foundation\Http\Middleware\VerifyCsrfToken->handle(Object(Illuminate\Http\Request), Object(Closure))
#24 /opt/lampp/htdocs/laravel/vendor/compiled.php(8944): App\Http\Middleware\VerifyCsrfToken->handle(Object(Illuminate\Http\Request), Object(Closure))
#25 /opt/lampp/htdocs/laravel/vendor/compiled.php(12083): Illuminate\Pipeline\Pipeline->Illuminate\Pipeline\{closure}(Object(Illuminate\Http\Request))
#26 /opt/lampp/htdocs/laravel/vendor/compiled.php(8944): Illuminate\View\Middleware\ShareErrorsFromSession->handle(Object(Illuminate\Http\Request), Object(Closure))
#27 /opt/lampp/htdocs/laravel/vendor/compiled.php(10785): Illuminate\Pipeline\Pipeline->Illuminate\Pipeline\{closure}(Object(Illuminate\Http\Request))
#28 /opt/lampp/htdocs/laravel/vendor/compiled.php(8944): Illuminate\Session\Middleware\StartSession->handle(Object(Illuminate\Http\Request), Object(Closure))
#29 /opt/lampp/htdocs/laravel/vendor/compiled.php(11789): Illuminate\Pipeline\Pipeline->Illuminate\Pipeline\{closure}(Object(Illuminate\Http\Request))
#30 /opt/lampp/htdocs/laravel/vendor/compiled.php(8944): Illuminate\Cookie\Middleware\AddQueuedCookiesToResponse->handle(Object(Illuminate\Http\Request), Object(Closure))
#31 /opt/lampp/htdocs/laravel/vendor/compiled.php(11738): Illuminate\Pipeline\Pipeline->Illuminate\Pipeline\{closure}(Object(Illuminate\Http\Request))
#32 /opt/lampp/htdocs/laravel/vendor/compiled.php(8944): Illuminate\Cookie\Middleware\EncryptCookies->handle(Object(Illuminate\Http\Request), Object(Closure))
#33 /opt/lampp/htdocs/laravel/vendor/compiled.php(2478): Illuminate\Pipeline\Pipeline->Illuminate\Pipeline\{closure}(Object(Illuminate\Http\Request))
#34 /opt/lampp/htdocs/laravel/vendor/compiled.php(8944): Illuminate\Foundation\Http\Middleware\CheckForMaintenanceMode->handle(Object(Illuminate\Http\Request), Object(Closure))
#35 [internal function]: Illuminate\Pipeline\Pipeline->Illuminate\Pipeline\{closure}(Object(Illuminate\Http\Request))
#36 /opt/lampp/htdocs/laravel/vendor/compiled.php(8935): call_user_func(Object(Closure), Object(Illuminate\Http\Request))
#37 /opt/lampp/htdocs/laravel/vendor/compiled.php(1891): Illuminate\Pipeline\Pipeline->then(Object(Closure))
#38 /opt/lampp/htdocs/laravel/vendor/compiled.php(1880): Illuminate\Foundation\Http\Kernel->sendRequestThroughRouter(Object(Illuminate\Http\Request))
#39 /opt/lampp/htdocs/laravel/public/index.php(53): Illuminate\Foundation\Http\Kernel->handle(Object(Illuminate\Http\Request))
#40 {main}

Next exception 'ErrorException' with message 'View [widgets.charts.clinechart] not found. (View: /opt/lampp/htdocs/laravel/resources/views/home.blade.php)' in /opt/lampp/htdocs/laravel/vendor/compiled.php:12898
Stack trace:
#0 /opt/lampp/htdocs/laravel/vendor/compiled.php(13652): Illuminate\View\Engines\CompilerEngine->handleViewException(Object(InvalidArgumentException), 1)
#1 /opt/lampp/htdocs/laravel/vendor/compiled.php(13683): Illuminate\View\Engines\PhpEngine->evaluatePath('/opt/lampp/htdo...', Array)
#2 /opt/lampp/htdocs/laravel/vendor/compiled.php(13523): Illuminate\View\Engines\CompilerEngine->get('/opt/lampp/htdo...', Array)
#3 /opt/lampp/htdocs/laravel/vendor/compiled.php(13510): Illuminate\View\View->getContents()
#4 /opt/lampp/htdocs/laravel/vendor/compiled.php(13501): Illuminate\View\View->renderContents()
#5 /opt/lampp/htdocs/laravel/vendor/compiled.php(14597): Illuminate\View\View->render()
#6 /opt/lampp/htdocs/laravel/vendor/compiled.php(14126): Illuminate\Http\Response->setContent(Object(Illuminate\View\View))
#7 /opt/lampp/htdocs/laravel/vendor/compiled.php(7154): Symfony\Component\HttpFoundation\Response->__construct(Object(Illuminate\View\View))
#8 /opt/lampp/htdocs/laravel/vendor/compiled.php(6954): Illuminate\Routing\Router->prepareResponse(Object(Illuminate\Http\Request), Object(Illuminate\View\View))
#9 [internal function]: Illuminate\Routing\Router->Illuminate\Routing\{closure}(Object(Illuminate\Http\Request))
#10 /opt/lampp/htdocs/laravel/vendor/compiled.php(8952): call_user_func(Object(Closure), Object(Illuminate\Http\Request))
#11 [internal function]: Illuminate\Pipeline\Pipeline->Illuminate\Pipeline\{closure}(Object(Illuminate\Http\Request))
#12 /opt/lampp/htdocs/laravel/vendor/compiled.php(8935): call_user_func(Object(Closure), Object(Illuminate\Http\Request))
#13 /opt/lampp/htdocs/laravel/vendor/compiled.php(6955): Illuminate\Pipeline\Pipeline->then(Object(Closure))
#14 /opt/lampp/htdocs/laravel/vendor/compiled.php(6944): Illuminate\Routing\Router->runRouteWithinStack(Object(Illuminate\Routing\Route), Object(Illuminate\Http\Request))
#15 /opt/lampp/htdocs/laravel/vendor/compiled.php(6929): Illuminate\Routing\Router->dispatchToRoute(Object(Illuminate\Http\Request))
#16 /opt/lampp/htdocs/laravel/vendor/compiled.php(1935): Illuminate\Routing\Router->dispatch(Object(Illuminate\Http\Request))
#17 [internal function]: Illuminate\Foundation\Http\Kernel->Illuminate\Foundation\Http\{closure}(Object(Illuminate\Http\Request))
#18 /opt/lampp/htdocs/laravel/vendor/compiled.php(8952): call_user_func(Object(Closure), Object(Illuminate\Http\Request))
#19 /opt/lampp/htdocs/laravel/vendor/compiled.php(2438): Illuminate\Pipeline\Pipeline->Illuminate\Pipeline\{closure}(Object(Illuminate\Http\Request))
#20 /opt/lampp/htdocs/laravel/app/Http/Middleware/VerifyCsrfToken.php(17): Illuminate\Foundation\Http\Middleware\VerifyCsrfToken->handle(Object(Illuminate\Http\Request), Object(Closure))
#21 /opt/lampp/htdocs/laravel/vendor/compiled.php(8944): App\Http\Middleware\VerifyCsrfToken->handle(Object(Illuminate\Http\Request), Object(Closure))
#22 /opt/lampp/htdocs/laravel/vendor/compiled.php(12083): Illuminate\Pipeline\Pipeline->Illuminate\Pipeline\{closure}(Object(Illuminate\Http\Request))
#23 /opt/lampp/htdocs/laravel/vendor/compiled.php(8944): Illuminate\View\Middleware\ShareErrorsFromSession->handle(Object(Illuminate\Http\Request), Object(Closure))
#24 /opt/lampp/htdocs/laravel/vendor/compiled.php(10785): Illuminate\Pipeline\Pipeline->Illuminate\Pipeline\{closure}(Object(Illuminate\Http\Request))
#25 /opt/lampp/htdocs/laravel/vendor/compiled.php(8944): Illuminate\Session\Middleware\StartSession->handle(Object(Illuminate\Http\Request), Object(Closure))
#26 /opt/lampp/htdocs/laravel/vendor/compiled.php(11789): Illuminate\Pipeline\Pipeline->Illuminate\Pipeline\{closure}(Object(Illuminate\Http\Request))
#27 /opt/lampp/htdocs/laravel/vendor/compiled.php(8944): Illuminate\Cookie\Middleware\AddQueuedCookiesToResponse->handle(Object(Illuminate\Http\Request), Object(Closure))
#28 /opt/lampp/htdocs/laravel/vendor/compiled.php(11738): Illuminate\Pipeline\Pipeline->Illuminate\Pipeline\{closure}(Object(Illuminate\Http\Request))
#29 /opt/lampp/htdocs/laravel/vendor/compiled.php(8944): Illuminate\Cookie\Middleware\EncryptCookies->handle(Object(Illuminate\Http\Request), Object(Closure))
#30 /opt/lampp/htdocs/laravel/vendor/compiled.php(2478): Illuminate\Pipeline\Pipeline->Illuminate\Pipeline\{closure}(Object(Illuminate\Http\Request))
#31 /opt/lampp/htdocs/laravel/vendor/compiled.php(8944): Illuminate\Foundation\Http\Middleware\CheckForMaintenanceMode->handle(Object(Illuminate\Http\Request), Object(Closure))
#32 [internal function]: Illuminate\Pipeline\Pipeline->Illuminate\Pipeline\{closure}(Object(Illuminate\Http\Request))
#33 /opt/lampp/htdocs/laravel/vendor/compiled.php(8935): call_user_func(Object(Closure), Object(Illuminate\Http\Request))
#34 /opt/lampp/htdocs/laravel/vendor/compiled.php(1891): Illuminate\Pipeline\Pipeline->then(Object(Closure))
#35 /opt/lampp/htdocs/laravel/vendor/compiled.php(1880): Illuminate\Foundation\Http\Kernel->sendRequestThroughRouter(Object(Illuminate\Http\Request))
#36 /opt/lampp/htdocs/laravel/public/index.php(53): Illuminate\Foundation\Http\Kernel->handle(Object(Illuminate\Http\Request))
#37 {main}  
