[2017-05-11 11:52:01] local.ERROR: exception 'PDOException' with message 'SQLSTATE[28000] [1045] Access denied for user 'root'@'54.254.201.62' (using password: YES)' in /opt/lampp/htdocs/laravel-projects/laravel/vendor/laravel/framework/src/Illuminate/Database/Connectors/Connector.php:47
Stack trace:
#0 /opt/lampp/htdocs/laravel-projects/laravel/vendor/laravel/framework/src/Illuminate/Database/Connectors/Connector.php(47): PDO->__construct('mysql:host=54.2...', 'root', 'dbuser7890', Array)
#1 /opt/lampp/htdocs/laravel-projects/laravel/vendor/laravel/framework/src/Illuminate/Database/Connectors/MySqlConnector.php(20): Illuminate\Database\Connectors\Connector->createConnection('mysql:host=54.2...', Array, Array)
#2 /opt/lampp/htdocs/laravel-projects/laravel/vendor/compiled.php(10673): Illuminate\Database\Connectors\MySqlConnector->connect(Array)
#3 /opt/lampp/htdocs/laravel-projects/laravel/vendor/compiled.php(10669): Illuminate\Database\Connectors\ConnectionFactory->createSingleConnection(Array)
#4 /opt/lampp/htdocs/laravel-projects/laravel/vendor/compiled.php(10587): Illuminate\Database\Connectors\ConnectionFactory->make(Array, 'mysql')
#5 /opt/lampp/htdocs/laravel-projects/laravel/vendor/compiled.php(10542): Illuminate\Database\DatabaseManager->makeConnection('mysql')
#6 /opt/lampp/htdocs/laravel-projects/laravel/vendor/laravel/framework/src/Illuminate/Database/Migrations/DatabaseMigrationRepository.php(167): Illuminate\Database\DatabaseManager->connection(NULL)
#7 /opt/lampp/htdocs/laravel-projects/laravel/vendor/laravel/framework/src/Illuminate/Database/Migrations/DatabaseMigrationRepository.php(135): Illuminate\Database\Migrations\DatabaseMigrationRepository->getConnection()
#8 /opt/lampp/htdocs/laravel-projects/laravel/vendor/laravel/framework/src/Illuminate/Database/Migrations/Migrator.php(371): Illuminate\Database\Migrations\DatabaseMigrationRepository->repositoryExists()
#9 /opt/lampp/htdocs/laravel-projects/laravel/vendor/laravel/framework/src/Illuminate/Database/Console/Migrations/MigrateCommand.php(101): Illuminate\Database\Migrations\Migrator->repositoryExists()
#10 /opt/lampp/htdocs/laravel-projects/laravel/vendor/laravel/framework/src/Illuminate/Database/Console/Migrations/MigrateCommand.php(54): Illuminate\Database\Console\Migrations\MigrateCommand->prepareDatabase()
#11 [internal function]: Illuminate\Database\Console\Migrations\MigrateCommand->fire()
#12 /opt/lampp/htdocs/laravel-projects/laravel/vendor/compiled.php(925): call_user_func_array(Array, Array)
#13 /opt/lampp/htdocs/laravel-projects/laravel/vendor/laravel/framework/src/Illuminate/Console/Command.php(115): Illuminate\Container\Container->call(Array)
#14 /opt/lampp/htdocs/laravel-projects/laravel/vendor/symfony/console/Symfony/Component/Console/Command/Command.php(253): Illuminate\Console\Command->execute(Object(Symfony\Component\Console\Input\ArgvInput), Object(Symfony\Component\Console\Output\ConsoleOutput))
#15 /opt/lampp/htdocs/laravel-projects/laravel/vendor/laravel/framework/src/Illuminate/Console/Command.php(101): Symfony\Component\Console\Command\Command->run(Object(Symfony\Component\Console\Input\ArgvInput), Object(Symfony\Component\Console\Output\ConsoleOutput))
#16 /opt/lampp/htdocs/laravel-projects/laravel/vendor/symfony/console/Symfony/Component/Console/Application.php(874): Illuminate\Console\Command->run(Object(Symfony\Component\Console\Input\ArgvInput), Object(Symfony\Component\Console\Output\ConsoleOutput))
#17 /opt/lampp/htdocs/laravel-projects/laravel/vendor/symfony/console/Symfony/Component/Console/Application.php(195): Symfony\Component\Console\Application->doRunCommand(Object(Illuminate\Database\Console\Migrations\MigrateCommand), Object(Symfony\Component\Console\Input\ArgvInput), Object(Symfony\Component\Console\Output\ConsoleOutput))
#18 /opt/lampp/htdocs/laravel-projects/laravel/vendor/symfony/console/Symfony/Component/Console/Application.php(126): Symfony\Component\Console\Application->doRun(Object(Symfony\Component\Console\Input\ArgvInput), Object(Symfony\Component\Console\Output\ConsoleOutput))
#19 /opt/lampp/htdocs/laravel-projects/laravel/vendor/laravel/framework/src/Illuminate/Foundation/Console/Kernel.php(90): Symfony\Component\Console\Application->run(Object(Symfony\Component\Console\Input\ArgvInput), Object(Symfony\Component\Console\Output\ConsoleOutput))
#20 /opt/lampp/htdocs/laravel-projects/laravel/artisan(36): Illuminate\Foundation\Console\Kernel->handle(Object(Symfony\Component\Console\Input\ArgvInput), Object(Symfony\Component\Console\Output\ConsoleOutput))
#21 {main}  
[2017-05-11 11:52:08] local.ERROR: exception 'InvalidArgumentException' with message 'Command "migration" is not defined.

Did you mean one of these?
    migrate
    migrate:refresh
    migrate:status
    migrate:reset
    migrate:rollback
    migrate:install
    make:migration' in /opt/lampp/htdocs/laravel-projects/laravel/vendor/symfony/console/Symfony/Component/Console/Application.php:549
Stack trace:
#0 /opt/lampp/htdocs/laravel-projects/laravel/vendor/symfony/console/Symfony/Component/Console/Application.php(192): Symfony\Component\Console\Application->find('migration')
#1 /opt/lampp/htdocs/laravel-projects/laravel/vendor/symfony/console/Symfony/Component/Console/Application.php(126): Symfony\Component\Console\Application->doRun(Object(Symfony\Component\Console\Input\ArgvInput), Object(Symfony\Component\Console\Output\ConsoleOutput))
#2 /opt/lampp/htdocs/laravel-projects/laravel/vendor/laravel/framework/src/Illuminate/Foundation/Console/Kernel.php(90): Symfony\Component\Console\Application->run(Object(Symfony\Component\Console\Input\ArgvInput), Object(Symfony\Component\Console\Output\ConsoleOutput))
#3 /opt/lampp/htdocs/laravel-projects/laravel/artisan(36): Illuminate\Foundation\Console\Kernel->handle(Object(Symfony\Component\Console\Input\ArgvInput), Object(Symfony\Component\Console\Output\ConsoleOutput))
#4 {main}  
[2017-05-11 11:52:20] local.ERROR: exception 'InvalidArgumentException' with message 'Command "make:migrate" is not defined.

Did you mean one of these?
    make:migration
    make:controller
    make:middleware
    make:request
    make:provider
    make:console
    make:event
    make:model
    make:command' in /opt/lampp/htdocs/laravel-projects/laravel/vendor/symfony/console/Symfony/Component/Console/Application.php:549
Stack trace:
#0 /opt/lampp/htdocs/laravel-projects/laravel/vendor/symfony/console/Symfony/Component/Console/Application.php(192): Symfony\Component\Console\Application->find('make:migrate')
#1 /opt/lampp/htdocs/laravel-projects/laravel/vendor/symfony/console/Symfony/Component/Console/Application.php(126): Symfony\Component\Console\Application->doRun(Object(Symfony\Component\Console\Input\ArgvInput), Object(Symfony\Component\Console\Output\ConsoleOutput))
#2 /opt/lampp/htdocs/laravel-projects/laravel/vendor/laravel/framework/src/Illuminate/Foundation/Console/Kernel.php(90): Symfony\Component\Console\Application->run(Object(Symfony\Component\Console\Input\ArgvInput), Object(Symfony\Component\Console\Output\ConsoleOutput))
#3 /opt/lampp/htdocs/laravel-projects/laravel/artisan(36): Illuminate\Foundation\Console\Kernel->handle(Object(Symfony\Component\Console\Input\ArgvInput), Object(Symfony\Component\Console\Output\ConsoleOutput))
#4 {main}  
[2017-05-11 11:52:48] local.ERROR: exception 'RuntimeException' with message 'Not enough arguments.' in /opt/lampp/htdocs/laravel-projects/laravel/vendor/symfony/console/Symfony/Component/Console/Input/Input.php:77
Stack trace:
#0 /opt/lampp/htdocs/laravel-projects/laravel/vendor/symfony/console/Symfony/Component/Console/Command/Command.php(248): Symfony\Component\Console\Input\Input->validate()
#1 /opt/lampp/htdocs/laravel-projects/laravel/vendor/laravel/framework/src/Illuminate/Console/Command.php(101): Symfony\Component\Console\Command\Command->run(Object(Symfony\Component\Console\Input\ArgvInput), Object(Symfony\Component\Console\Output\ConsoleOutput))
#2 /opt/lampp/htdocs/laravel-projects/laravel/vendor/symfony/console/Symfony/Component/Console/Application.php(874): Illuminate\Console\Command->run(Object(Symfony\Component\Console\Input\ArgvInput), Object(Symfony\Component\Console\Output\ConsoleOutput))
#3 /opt/lampp/htdocs/laravel-projects/laravel/vendor/symfony/console/Symfony/Component/Console/Application.php(195): Symfony\Component\Console\Application->doRunCommand(Object(Illuminate\Database\Console\Migrations\MigrateMakeCommand), Object(Symfony\Component\Console\Input\ArgvInput), Object(Symfony\Component\Console\Output\ConsoleOutput))
#4 /opt/lampp/htdocs/laravel-projects/laravel/vendor/symfony/console/Symfony/Component/Console/Application.php(126): Symfony\Component\Console\Application->doRun(Object(Symfony\Component\Console\Input\ArgvInput), Object(Symfony\Component\Console\Output\ConsoleOutput))
#5 /opt/lampp/htdocs/laravel-projects/laravel/vendor/laravel/framework/src/Illuminate/Foundation/Console/Kernel.php(90): Symfony\Component\Console\Application->run(Object(Symfony\Component\Console\Input\ArgvInput), Object(Symfony\Component\Console\Output\ConsoleOutput))
#6 /opt/lampp/htdocs/laravel-projects/laravel/artisan(36): Illuminate\Foundation\Console\Kernel->handle(Object(Symfony\Component\Console\Input\ArgvInput), Object(Symfony\Component\Console\Output\ConsoleOutput))
#7 {main}  
